Thu 07 Sep 2023 01:33:04 PM UTC: 
 tests:  0|6
total_score: 0/70
23b8bd8
Thu 07 Sep 2023 01:48:04 PM UTC: 
 hashmap.c | 22 +++++++++++++++++++++-
 1 file changed, 21 insertions(+), 1 deletion(-)
In file included from test.c:4:
hashmap.c: In function ‘createMap’:
hashmap.c:59:3: error: ‘map’ undeclared (first use in this function); did you mean ‘mapa’?
   59 |   map->capacity = capacity;
      |   ^~~
      |   mapa
hashmap.c:59:3: note: each undeclared identifier is reported only once for each function it appears in
hashmap.c:77:1: error: control reaches end of non-void function [-Werror=return-type]
   77 | }
      | ^
cc1: all warnings being treated as errors
Compilation failed
7f26219
Thu 07 Sep 2023 01:48:30 PM UTC: 
 hashmap.c | 18 +++++++++---------
 1 file changed, 9 insertions(+), 9 deletions(-)
In file included from test.c:4:
hashmap.c: In function ‘createMap’:
hashmap.c:60:7: error: ‘HashMap’ {aka ‘struct HashMap’} has no member named ‘keys’
   60 |   mapa->keys = malloc(sizeof(int) * capacity);
      |       ^~
hashmap.c:61:7: error: ‘HashMap’ {aka ‘struct HashMap’} has no member named ‘values’
   61 |   mapa->values = malloc(sizeof(int) * capacity);
      |       ^~
hashmap.c:63:11: error: ‘HashMap’ {aka ‘struct HashMap’} has no member named ‘keys’
   63 |   if (mapa->keys == NULL || map->values == NULL) {
      |           ^~
hashmap.c:63:29: error: ‘map’ undeclared (first use in this function); did you mean ‘mapa’?
   63 |   if (mapa->keys == NULL || map->values == NULL) {
      |                             ^~~
      |                             mapa
hashmap.c:63:29: note: each undeclared identifier is reported only once for each function it appears in
hashmap.c:65:18: error: ‘HashMap’ {aka ‘struct HashMap’} has no member named ‘keys’
   65 |         free(mapa->keys);
      |                  ^~
hashmap.c:66:18: error: ‘HashMap’ {aka ‘struct HashMap’} has no member named ‘values’
   66 |         free(mapa->values);
      |                  ^~
hashmap.c:72:13: error: ‘HashMap’ {aka ‘struct HashMap’} has no member named ‘keys’
   72 |         mapa->keys[i] = -1;
      |             ^~
hashmap.c:73:13: error: ‘HashMap’ {aka ‘struct HashMap’} has no member named ‘values’
   73 |         mapa->values[i] = 0;
      |             ^~
hashmap.c:77:1: error: control reaches end of non-void function [-Werror=return-type]
   77 | }
      | ^
cc1: all warnings being treated as errors
Compilation failed
05b242c
Thu 07 Sep 2023 01:48:43 PM UTC: 
 hashmap.c | 4 ++--
 1 file changed, 2 insertions(+), 2 deletions(-)
In file included from test.c:4:
hashmap.c: In function ‘createMap’:
hashmap.c:60:7: error: ‘HashMap’ {aka ‘struct HashMap’} has no member named ‘keys’
   60 |   mapa->keys = malloc(sizeof(int) * capacity);
      |       ^~
hashmap.c:61:7: error: ‘HashMap’ {aka ‘struct HashMap’} has no member named ‘values’
   61 |   mapa->values = malloc(sizeof(int) * capacity);
      |       ^~
hashmap.c:63:11: error: ‘HashMap’ {aka ‘struct HashMap’} has no member named ‘keys’
   63 |   if (mapa->keys == NULL || mapa->values == NULL) {
      |           ^~
hashmap.c:63:33: error: ‘HashMap’ {aka ‘struct HashMap’} has no member named ‘values’
   63 |   if (mapa->keys == NULL || mapa->values == NULL) {
      |                                 ^~
hashmap.c:65:18: error: ‘HashMap’ {aka ‘struct HashMap’} has no member named ‘keys’
   65 |         free(mapa->keys);
      |                  ^~
hashmap.c:66:18: error: ‘HashMap’ {aka ‘struct HashMap’} has no member named ‘values’
   66 |         free(mapa->values);
      |                  ^~
hashmap.c:72:13: error: ‘HashMap’ {aka ‘struct HashMap’} has no member named ‘keys’
   72 |         mapa->keys[i] = -1;
      |             ^~
hashmap.c:73:13: error: ‘HashMap’ {aka ‘struct HashMap’} has no member named ‘values’
   73 |         mapa->values[i] = 0;
      |             ^~
Compilation failed
f968d44
Thu 07 Sep 2023 01:49:25 PM UTC: 
 hashmap.c | 14 +++++++-------
 1 file changed, 7 insertions(+), 7 deletions(-)
In file included from test.c:4:
hashmap.c: In function ‘createMap’:
hashmap.c:60:7: error: ‘HashMap’ {aka ‘struct HashMap’} has no member named ‘key’
   60 |   mapa->key = malloc(sizeof(int) * capacity);
      |       ^~
hashmap.c:61:7: error: ‘HashMap’ {aka ‘struct HashMap’} has no member named ‘value’
   61 |   mapa->value = malloc(sizeof(int) * capacity);
      |       ^~
hashmap.c:63:11: error: ‘HashMap’ {aka ‘struct HashMap’} has no member named ‘key’
   63 |   if (mapa->key == NULL || mapa->value == NULL) {
      |           ^~
hashmap.c:63:32: error: ‘HashMap’ {aka ‘struct HashMap’} has no member named ‘value’
   63 |   if (mapa->key == NULL || mapa->value == NULL) {
      |                                ^~
hashmap.c:65:18: error: ‘HashMap’ {aka ‘struct HashMap’} has no member named ‘key’
   65 |         free(mapa->key);
      |                  ^~
hashmap.c:66:18: error: ‘HashMap’ {aka ‘struct HashMap’} has no member named ‘value’
   66 |         free(mapa->value);
      |                  ^~
hashmap.c:72:13: error: ‘HashMap’ {aka ‘struct HashMap’} has no member named ‘key’
   72 |         mapa->key[i] = -1;
      |             ^~
hashmap.c:73:13: error: ‘HashMap’ {aka ‘struct HashMap’} has no member named ‘value’
   73 |         mapa->value[i] = 0;
      |             ^~
Compilation failed
5a161eb
Thu 07 Sep 2023 01:50:31 PM UTC: 
 hashmap.c | 3 ++-
 1 file changed, 2 insertions(+), 1 deletion(-)
In file included from test.c:4:
hashmap.c: In function ‘createMap’:
hashmap.c:61:7: error: ‘HashMap’ {aka ‘struct HashMap’} has no member named ‘key’
   61 |   mapa->key = malloc(sizeof(int) * capacity);
      |       ^~
hashmap.c:62:7: error: ‘HashMap’ {aka ‘struct HashMap’} has no member named ‘value’
   62 |   mapa->value = malloc(sizeof(int) * capacity);
      |       ^~
hashmap.c:64:11: error: ‘HashMap’ {aka ‘struct HashMap’} has no member named ‘key’
   64 |   if (mapa->key == NULL || mapa->value == NULL) {
      |           ^~
hashmap.c:64:32: error: ‘HashMap’ {aka ‘struct HashMap’} has no member named ‘value’
   64 |   if (mapa->key == NULL || mapa->value == NULL) {
      |                                ^~
hashmap.c:66:18: error: ‘HashMap’ {aka ‘struct HashMap’} has no member named ‘key’
   66 |         free(mapa->key);
      |                  ^~
hashmap.c:67:18: error: ‘HashMap’ {aka ‘struct HashMap’} has no member named ‘value’
   67 |         free(mapa->value);
      |                  ^~
hashmap.c:73:13: error: ‘HashMap’ {aka ‘struct HashMap’} has no member named ‘key’
   73 |         mapa->key[i] = -1;
      |             ^~
hashmap.c:74:13: error: ‘HashMap’ {aka ‘struct HashMap’} has no member named ‘value’
   74 |         mapa->value[i] = 0;
      |             ^~
Compilation failed
1439275
Thu 07 Sep 2023 01:53:31 PM UTC: 
 hashmap.c | 1 -
 1 file changed, 1 deletion(-)
In file included from test.c:4:
hashmap.c: In function ‘createMap’:
hashmap.c:60:7: error: ‘HashMap’ {aka ‘struct HashMap’} has no member named ‘key’
   60 |   mapa->key = malloc(sizeof(int) * capacity);
      |       ^~
hashmap.c:61:7: error: ‘HashMap’ {aka ‘struct HashMap’} has no member named ‘value’
   61 |   mapa->value = malloc(sizeof(int) * capacity);
      |       ^~
hashmap.c:63:11: error: ‘HashMap’ {aka ‘struct HashMap’} has no member named ‘key’
   63 |   if (mapa->key == NULL || mapa->value == NULL) {
      |           ^~
hashmap.c:63:32: error: ‘HashMap’ {aka ‘struct HashMap’} has no member named ‘value’
   63 |   if (mapa->key == NULL || mapa->value == NULL) {
      |                                ^~
hashmap.c:65:18: error: ‘HashMap’ {aka ‘struct HashMap’} has no member named ‘key’
   65 |         free(mapa->key);
      |                  ^~
hashmap.c:66:18: error: ‘HashMap’ {aka ‘struct HashMap’} has no member named ‘value’
   66 |         free(mapa->value);
      |                  ^~
hashmap.c:72:11: error: ‘HashMap’ {aka ‘struct HashMap’} has no member named ‘key’
   72 |       mapa->key[i] = -1;
      |           ^~
hashmap.c:73:11: error: ‘HashMap’ {aka ‘struct HashMap’} has no member named ‘value’
   73 |       mapa->value[i] = 0;
      |           ^~
Compilation failed
86bd732
Thu 07 Sep 2023 01:54:58 PM UTC: 
 hashmap.c | 29 ++++++++++++++---------------
 1 file changed, 14 insertions(+), 15 deletions(-)
In file included from test.c:4:
hashmap.c: In function ‘createMap’:
hashmap.c:62:8: error: ‘HashMap’ {aka ‘struct HashMap’} has no member named ‘pairs’
   62 |     map->pairs = malloc(sizeof(Pair) * capacity);
      |        ^~
hashmap.c:63:12: error: ‘HashMap’ {aka ‘struct HashMap’} has no member named ‘pairs’
   63 |     if (map->pairs == NULL) {
      |            ^~
hashmap.c:71:12: error: ‘HashMap’ {aka ‘struct HashMap’} has no member named ‘pairs’
   71 |         map->pairs[i].key = NULL;
      |            ^~
hashmap.c:72:12: error: ‘HashMap’ {aka ‘struct HashMap’} has no member named ‘pairs’
   72 |         map->pairs[i].value = NULL;
      |            ^~
Compilation failed
01b7f94
Thu 07 Sep 2023 02:02:39 PM UTC: 
 hashmap.c | 16 +++++++++-------
 1 file changed, 9 insertions(+), 7 deletions(-)
In file included from test.c:4:
hashmap.c: In function ‘createMap’:
hashmap.c:60:5: error: ‘mapa’ undeclared (first use in this function); did you mean ‘map’?
   60 |     mapa->buckets=malloc(sizeof(Pair *) * capacity);
      |     ^~~~
      |     map
hashmap.c:60:5: note: each undeclared identifier is reported only once for each function it appears in
Compilation failed
65bd03c
Thu 07 Sep 2023 02:03:11 PM UTC: 
 hashmap.c | 18 +++++++++---------
 1 file changed, 9 insertions(+), 9 deletions(-)
 tests:  1|5
total_score: 10/70
ddf8403
Thu 07 Sep 2023 02:03:36 PM UTC: 
 hashmap.c | 6 +++---
 1 file changed, 3 insertions(+), 3 deletions(-)
 tests:  1|5
total_score: 10/70
1f27110
Thu 07 Sep 2023 07:00:30 PM UTC: 
 hashmap.c | 14 +++++++++++---
 1 file changed, 11 insertions(+), 3 deletions(-)
In file included from test.c:4:
hashmap.c: In function ‘insertMap’:
hashmap.c:45:46: error: expected ‘)’ before ‘;’ token
   45 |   Pair* newPair= ((Pair*)malloc(sizeof(Pair));
      |                  ~                           ^
      |                                              )
hashmap.c:52:1: error: expected ‘,’ or ‘;’ before ‘}’ token
   52 | }
      | ^
test.c:453:5: error: ‘main’ is normally a non-static function [-Werror=main]
  453 | int main( int argc, char *argv[] ) {
      |     ^~~~
test.c:511:1: error: expected declaration or statement at end of input
  511 | }
      | ^
In file included from test.c:4:
hashmap.c:45:9: error: unused variable ‘newPair’ [-Werror=unused-variable]
   45 |   Pair* newPair= ((Pair*)malloc(sizeof(Pair));
      |         ^~~~~~~
At top level:
test.c:453:5: error: ‘main’ defined but not used [-Werror=unused-function]
  453 | int main( int argc, char *argv[] ) {
      |     ^~~~
test.c:217:5: error: ‘insert_test5’ defined but not used [-Werror=unused-function]
  217 | int insert_test5(){ //factor de carga>0.7, se llama a función enlarge
      |     ^~~~~~~~~~~~
test.c:131:6: error: ‘compare_test’ defined but not used [-Werror=unused-function]
  131 | void compare_test(){
      |      ^~~~~~~~~~~~
test.c:125:6: error: ‘hash_test3’ defined but not used [-Werror=unused-function]
  125 | void hash_test3(){ //no random
      |      ^~~~~~~~~~
test.c:111:6: error: ‘hash_test2’ defined but not used [-Werror=unused-function]
  111 | void hash_test2(){ // colisiones
      |      ^~~~~~~~~~
test.c:100:6: error: ‘hash_test1’ defined but not used [-Werror=unused-function]
  100 | void hash_test1(){ // posición válida
      |      ^~~~~~~~~~
cc1: all warnings being treated as errors
Compilation failed
0eec0a7
Thu 07 Sep 2023 07:01:34 PM UTC: 
 hashmap.c | 8 ++++----
 1 file changed, 4 insertions(+), 4 deletions(-)
 tests:  1|5
total_score: 10/70
dc850cb
Thu 07 Sep 2023 07:18:10 PM UTC: 
 hashmap.c | 17 ++++++++++++++++-
 1 file changed, 16 insertions(+), 1 deletion(-)
In file included from test.c:4:
hashmap.c: In function ‘insertMap’:
hashmap.c:54:30: error: expected ‘;’ before ‘map’
   54 |       map->buckets[i]=newPair
      |                              ^
      |                              ;
   55 |       map->size++;
      |       ~~~                     
hashmap.c: At top level:
hashmap.c:67:1: error: expected identifier or ‘(’ before ‘}’ token
   67 | }
      | ^
Compilation failed
6ffa769
Thu 07 Sep 2023 07:18:18 PM UTC: 
 hashmap.c | 2 +-
 1 file changed, 1 insertion(+), 1 deletion(-)
In file included from test.c:4:
hashmap.c:67:1: error: expected identifier or ‘(’ before ‘}’ token
   67 | }
      | ^
Compilation failed
643a3d4
Thu 07 Sep 2023 07:18:33 PM UTC: 
 hashmap.c | 2 --
 1 file changed, 2 deletions(-)
 tests:  5|4
total_score: 30/70
4f72c63
Thu 07 Sep 2023 07:38:38 PM UTC: 
 hashmap.c | 35 +++++++++++++++++++++++++++++++++++
 1 file changed, 35 insertions(+)
In file included from test.c:4:
hashmap.c: In function ‘eraseMap’:
hashmap.c:105:20: error: ‘value’ undeclared (first use in this function)
  105 |   newPair->value = value;
      |                    ^~~~~
hashmap.c:105:20: note: each undeclared identifier is reported only once for each function it appears in
hashmap.c:108:18: error: ‘HashMap’ {aka ‘struct HashMap’} has no member named ‘newPair’
  108 |     if(strcmp(map->newPair[i]->key)==NULL){
      |                  ^~
hashmap.c:108:8: error: too few arguments to function ‘strcmp’
  108 |     if(strcmp(map->newPair[i]->key)==NULL){
      |        ^~~~~~
In file included from test.c:3:
/nix/store/iwd8ic5hhwdxn5dga0im55g5hjl270cd-glibc-2.33-47-dev/include/string.h:140:12: note: declared here
  140 | extern int strcmp (const char *__s1, const char *__s2)
      |            ^~~~~~
In file included from test.c:4:
hashmap.c:112:8: error: ‘encontrado’ undeclared (first use in this function)
  112 |     if(encontrado){
      |        ^~~~~~~~~~
hashmap.c:114:12: error: ‘HashMap’ {aka ‘struct HashMap’} has no member named ‘newPair’
  114 |         map->newPair[j]=map->newPair[j+1];
      |            ^~
hashmap.c:114:28: error: ‘HashMap’ {aka ‘struct HashMap’} has no member named ‘newPair’
  114 |         map->newPair[j]=map->newPair[j+1];
      |                            ^~
hashmap.c:102:7: error: variable ‘valorEncontrar’ set but not used [-Werror=unused-but-set-variable]
  102 |   int valorEncontrar=0;
      |       ^~~~~~~~~~~~~~
hashmap.c: In function ‘searchMap’:
hashmap.c:126:20: error: ‘value’ undeclared (first use in this function)
  126 |   newPair->value = value;
      |                    ^~~~~
hashmap.c:131:8: error: expected expression before ‘)’ token
  131 |     if()
      |        ^
hashmap.c:129:8: error: unused variable ‘copia’ [-Werror=unused-variable]
  129 |   long copia=i;
      |        ^~~~~
cc1: all warnings being treated as errors
Compilation failed
6491c15
Thu 07 Sep 2023 07:44:24 PM UTC: 
 hashmap.c | 22 +++++++++++-----------
 1 file changed, 11 insertions(+), 11 deletions(-)
In file included from test.c:4:
hashmap.c: In function ‘eraseMap’:
hashmap.c:103:20: error: ‘value’ undeclared (first use in this function)
  103 |   newPair->value = value;
      |                    ^~~~~
hashmap.c:103:20: note: each undeclared identifier is reported only once for each function it appears in
hashmap.c:109:24: error: too few arguments to function ‘strcmp’
  109 |     if(newAux!=NULL && strcmp(newAux->key)==0){
      |                        ^~~~~~
In file included from test.c:3:
/nix/store/iwd8ic5hhwdxn5dga0im55g5hjl270cd-glibc-2.33-47-dev/include/string.h:140:12: note: declared here
  140 | extern int strcmp (const char *__s1, const char *__s2)
      |            ^~~~~~
In file included from test.c:4:
hashmap.c:111:27: error: assignment to ‘char *’ from incompatible pointer type ‘Pair *’ [-Werror=incompatible-pointer-types]
  111 |       map->buckets[i]->key=newPair;
      |                           ^
hashmap.c: In function ‘searchMap’:
hashmap.c:126:20: error: ‘value’ undeclared (first use in this function)
  126 |   newPair->value = value;
      |                    ^~~~~
hashmap.c:131:8: error: expected expression before ‘)’ token
  131 |     if()
      |        ^
hashmap.c:129:8: error: unused variable ‘copia’ [-Werror=unused-variable]
  129 |   long copia=i;
      |        ^~~~~
cc1: all warnings being treated as errors
Compilation failed
164a6f5
Thu 07 Sep 2023 07:44:43 PM UTC: 
 hashmap.c | 2 +-
 1 file changed, 1 insertion(+), 1 deletion(-)
In file included from test.c:4:
hashmap.c: In function ‘eraseMap’:
hashmap.c:103:20: error: ‘value’ undeclared (first use in this function)
  103 |   newPair->value = value;
      |                    ^~~~~
hashmap.c:103:20: note: each undeclared identifier is reported only once for each function it appears in
hashmap.c:109:24: error: too few arguments to function ‘strcmp’
  109 |     if(newAux!=NULL && strcmp(newAux->key)==0){
      |                        ^~~~~~
In file included from test.c:3:
/nix/store/iwd8ic5hhwdxn5dga0im55g5hjl270cd-glibc-2.33-47-dev/include/string.h:140:12: note: declared here
  140 | extern int strcmp (const char *__s1, const char *__s2)
      |            ^~~~~~
In file included from test.c:4:
hashmap.c: In function ‘searchMap’:
hashmap.c:126:20: error: ‘value’ undeclared (first use in this function)
  126 |   newPair->value = value;
      |                    ^~~~~
hashmap.c:131:8: error: expected expression before ‘)’ token
  131 |     if()
      |        ^
hashmap.c:129:8: error: unused variable ‘copia’ [-Werror=unused-variable]
  129 |   long copia=i;
      |        ^~~~~
cc1: all warnings being treated as errors
Compilation failed
24f175b
Thu 07 Sep 2023 07:45:03 PM UTC: 
 hashmap.c | 11 -----------
 1 file changed, 11 deletions(-)
In file included from test.c:4:
hashmap.c: In function ‘eraseMap’:
hashmap.c:103:20: error: ‘value’ undeclared (first use in this function)
  103 |   newPair->value = value;
      |                    ^~~~~
hashmap.c:103:20: note: each undeclared identifier is reported only once for each function it appears in
hashmap.c:109:24: error: too few arguments to function ‘strcmp’
  109 |     if(newAux!=NULL && strcmp(newAux->key)==0){
      |                        ^~~~~~
In file included from test.c:3:
/nix/store/iwd8ic5hhwdxn5dga0im55g5hjl270cd-glibc-2.33-47-dev/include/string.h:140:12: note: declared here
  140 | extern int strcmp (const char *__s1, const char *__s2)
      |            ^~~~~~
Compilation failed
ee455fd
Thu 07 Sep 2023 07:46:51 PM UTC: 
 hashmap.c | 3 ---
 1 file changed, 3 deletions(-)
In file included from test.c:4:
hashmap.c: In function ‘eraseMap’:
hashmap.c:106:24: error: too few arguments to function ‘strcmp’
  106 |     if(newAux!=NULL && strcmp(newAux->key)==0){
      |                        ^~~~~~
In file included from test.c:3:
/nix/store/iwd8ic5hhwdxn5dga0im55g5hjl270cd-glibc-2.33-47-dev/include/string.h:140:12: note: declared here
  140 | extern int strcmp (const char *__s1, const char *__s2)
      |            ^~~~~~
Compilation failed
423ce8a
Thu 07 Sep 2023 07:47:43 PM UTC: 
 hashmap.c | 2 +-
 1 file changed, 1 insertion(+), 1 deletion(-)
 tests:  8|3
total_score: 40/70
db8646a
Thu 07 Sep 2023 09:44:48 PM UTC: 
 hashmap.c | 9 +++++----
 1 file changed, 5 insertions(+), 4 deletions(-)
In file included from test.c:4:
hashmap.c: In function ‘searchMap’:
hashmap.c:119:8: error: unused variable ‘copia’ [-Werror=unused-variable]
  119 |   long copia=i;
      |        ^~~~~
cc1: all warnings being treated as errors
Compilation failed
3aa125f
Thu 07 Sep 2023 09:45:05 PM UTC: 
 hashmap.c | 2 --
 1 file changed, 2 deletions(-)
 tests:  8|3
total_score: 40/70
98c7ac7
Thu 07 Sep 2023 09:50:04 PM UTC: 
 hashmap.c | 15 ++++++++++++++-
 1 file changed, 14 insertions(+), 1 deletion(-)
In file included from test.c:4:
hashmap.c: In function ‘searchMap’:
hashmap.c:118:9: error: too few arguments to function ‘hash’
  118 |   int i=hash(key)%map->size;
      |         ^~~~
hashmap.c:26:6: note: declared here
   26 | long hash( char * key, long capacity) {
      |      ^~~~
hashmap.c:121:22: error: ‘HashMap’ {aka ‘struct HashMap’} has no member named ‘pairs’
  121 |     Pair* current=map->pairs[i];
      |                      ^~
Compilation failed
a80d33f
Thu 07 Sep 2023 09:51:27 PM UTC: 
 hashmap.c | 8 +++++++-
 1 file changed, 7 insertions(+), 1 deletion(-)
In file included from test.c:4:
hashmap.c: In function ‘searchMap’:
hashmap.c:118:9: error: too few arguments to function ‘hash’
  118 |   int i=hash(key)%map->size;
      |         ^~~~
hashmap.c:26:6: note: declared here
   26 | long hash( char * key, long capacity) {
      |      ^~~~
hashmap.c:121:22: error: ‘HashMap’ {aka ‘struct HashMap’} has no member named ‘pairs’
  121 |     Pair* current=map->pairs[i];
      |                      ^~
hashmap.c:125:5: error: expected ‘;’ before ‘}’ token
  125 |     }
      |     ^
Compilation failed
25e01fd
Thu 07 Sep 2023 09:51:35 PM UTC: 
 hashmap.c | 2 +-
 1 file changed, 1 insertion(+), 1 deletion(-)
In file included from test.c:4:
hashmap.c: In function ‘searchMap’:
hashmap.c:118:9: error: too few arguments to function ‘hash’
  118 |   int i=hash(key)%map->size;
      |         ^~~~
hashmap.c:26:6: note: declared here
   26 | long hash( char * key, long capacity) {
      |      ^~~~
hashmap.c:121:22: error: ‘HashMap’ {aka ‘struct HashMap’} has no member named ‘pairs’
  121 |     Pair* current=map->pairs[i];
      |                      ^~
Compilation failed
de2ead1
Thu 07 Sep 2023 09:52:42 PM UTC: 
 hashmap.c | 2 +-
 1 file changed, 1 insertion(+), 1 deletion(-)
In file included from test.c:4:
hashmap.c: In function ‘searchMap’:
hashmap.c:121:22: error: ‘HashMap’ {aka ‘struct HashMap’} has no member named ‘pairs’
  121 |     Pair* current=map->pairs[i];
      |                      ^~
Compilation failed
00c7950
Thu 07 Sep 2023 09:52:58 PM UTC: 
 hashmap.c | 2 +-
 1 file changed, 1 insertion(+), 1 deletion(-)
In file included from test.c:4:
hashmap.c: In function ‘searchMap’:
hashmap.c:118:21: error: ‘HashMap’ {aka ‘struct HashMap’} has no member named ‘pairs’
  118 |   int i=hash(key,map->pairs);
      |                     ^~
hashmap.c:121:22: error: ‘HashMap’ {aka ‘struct HashMap’} has no member named ‘pairs’
  121 |     Pair* current=map->pairs[i];
      |                      ^~
Compilation failed
f715c6d
Thu 07 Sep 2023 09:54:28 PM UTC: 
 hashmap.c | 2 +-
 1 file changed, 1 insertion(+), 1 deletion(-)
In file included from test.c:4:
hashmap.c: In function ‘searchMap’:
hashmap.c:118:9: error: too few arguments to function ‘hash’
  118 |   int i=hash(key) % map->size;
      |         ^~~~
hashmap.c:26:6: note: declared here
   26 | long hash( char * key, long capacity) {
      |      ^~~~
hashmap.c:121:22: error: ‘HashMap’ {aka ‘struct HashMap’} has no member named ‘pairs’
  121 |     Pair* current=map->pairs[i];
      |                      ^~
Compilation failed
a33f067
Thu 07 Sep 2023 09:54:40 PM UTC: 
 hashmap.c | 2 +-
 1 file changed, 1 insertion(+), 1 deletion(-)
In file included from test.c:4:
hashmap.c: In function ‘searchMap’:
hashmap.c:118:9: error: too few arguments to function ‘hash’
  118 |   int i=hash(key);
      |         ^~~~
hashmap.c:26:6: note: declared here
   26 | long hash( char * key, long capacity) {
      |      ^~~~
hashmap.c:121:22: error: ‘HashMap’ {aka ‘struct HashMap’} has no member named ‘pairs’
  121 |     Pair* current=map->pairs[i];
      |                      ^~
Compilation failed
8c543b5
Thu 07 Sep 2023 09:55:23 PM UTC: 
 hashmap.c | 4 ++--
 1 file changed, 2 insertions(+), 2 deletions(-)
In file included from test.c:4:
hashmap.c: In function ‘searchMap’:
hashmap.c:118:9: error: too few arguments to function ‘hash’
  118 |   int i=hash(key)%map->size;
      |         ^~~~
hashmap.c:26:6: note: declared here
   26 | long hash( char * key, long capacity) {
      |      ^~~~
Compilation failed
9aecd28
Thu 07 Sep 2023 09:56:24 PM UTC: 
 hashmap.c | 2 +-
 1 file changed, 1 insertion(+), 1 deletion(-)
In file included from test.c:4:
hashmap.c: In function ‘searchMap’:
hashmap.c:118:9: error: too few arguments to function ‘hash’
  118 |   int i=hash(key)%map->capacity;
      |         ^~~~
hashmap.c:26:6: note: declared here
   26 | long hash( char * key, long capacity) {
      |      ^~~~
Compilation failed
c60b770
Thu 07 Sep 2023 09:57:03 PM UTC: 
 hashmap.c | 2 +-
 1 file changed, 1 insertion(+), 1 deletion(-)
In file included from test.c:4:
hashmap.c: In function ‘searchMap’:
hashmap.c:118:9: error: too few arguments to function ‘hash’
  118 |   int i=hash(key)%map->capacity;
      |         ^~~~
hashmap.c:26:6: note: declared here
   26 | long hash( char * key, long capacity) {
      |      ^~~~
Compilation failed
da706cb
Thu 07 Sep 2023 09:58:52 PM UTC: 
 hashmap.c | 2 +-
 1 file changed, 1 insertion(+), 1 deletion(-)
In file included from test.c:4:
hashmap.c: In function ‘searchMap’:
hashmap.c:118:10: error: too few arguments to function ‘hash’
  118 |   long i=hash(key)%map->capacity;
      |          ^~~~
hashmap.c:26:6: note: declared here
   26 | long hash( char * key, long capacity) {
      |      ^~~~
Compilation failed
d636219
Thu 07 Sep 2023 10:00:08 PM UTC: 
 hashmap.c | 2 +-
 1 file changed, 1 insertion(+), 1 deletion(-)
 tests:  11|2
total_score: 50/70
bf1e341
Thu 07 Sep 2023 10:00:28 PM UTC: 
 hashmap.c | 2 +-
 1 file changed, 1 insertion(+), 1 deletion(-)
 tests:  11|2
total_score: 50/70
615016e
Thu 07 Sep 2023 10:08:27 PM UTC: 
 hashmap.c | 18 +++++++++++++++---
 1 file changed, 15 insertions(+), 3 deletions(-)
In file included from test.c:4:
hashmap.c: In function ‘firstMap’:
hashmap.c:146:23: error: expected ‘;’ before ‘}’ token
  146 |         map->current++
      |                       ^
      |                       ;
  147 |     }
      |     ~                  
Compilation failed
690c7f9
Thu 07 Sep 2023 10:08:56 PM UTC: 
 hashmap.c | 4 ++--
 1 file changed, 2 insertions(+), 2 deletions(-)
In file included from test.c:4:
hashmap.c: In function ‘firstMap’:
hashmap.c:143:10: error: ‘HashMap’ {aka ‘struct HashMap’} has no member named ‘currents’; did you mean ‘current’?
  143 |     map->currents = 0;
      |          ^~~~~~~~
      |          current
Compilation failed
622ce29
Thu 07 Sep 2023 10:09:17 PM UTC: 
 hashmap.c | 4 ++--
 1 file changed, 2 insertions(+), 2 deletions(-)
 tests:  11|2
total_score: 50/70
8c77c90
Thu 07 Sep 2023 10:09:58 PM UTC: 
 hashmap.c | 2 +-
 1 file changed, 1 insertion(+), 1 deletion(-)
 tests:  12|2
total_score: 50/70
a08b8b5
Thu 07 Sep 2023 10:11:26 PM UTC: 
 hashmap.c | 9 +++++++++
 1 file changed, 9 insertions(+)
In file included from test.c:4:
hashmap.c: In function ‘nextMap’:
hashmap.c:159:8: error: ‘HashMap’ {aka ‘struct HashMap’} has no member named ‘curren’; did you mean ‘current’?
  159 |   map->curren++;
      |        ^~~~~~
      |        current
Compilation failed
75cc0ad
Thu 07 Sep 2023 10:11:32 PM UTC: 
 hashmap.c | 2 +-
 1 file changed, 1 insertion(+), 1 deletion(-)
 tests:  12|2
total_score: 50/70
4357754
Thu 07 Sep 2023 10:11:46 PM UTC: 
 hashmap.c | 2 +-
 1 file changed, 1 insertion(+), 1 deletion(-)
 tests:  12|2
total_score: 50/70
f94978c
Thu 07 Sep 2023 10:12:13 PM UTC: 
 hashmap.c | 2 +-
 1 file changed, 1 insertion(+), 1 deletion(-)
 tests:  12|2
total_score: 50/70
2d5bd45
Thu 07 Sep 2023 10:12:58 PM UTC: 
 hashmap.c | 4 ++--
 1 file changed, 2 insertions(+), 2 deletions(-)
 tests:  12|2
total_score: 50/70
0125bd5
Thu 07 Sep 2023 10:13:11 PM UTC: 
 hashmap.c | 6 +++---
 1 file changed, 3 insertions(+), 3 deletions(-)
In file included from test.c:4:
hashmap.c: In function ‘nextMap’:
hashmap.c:161:47: error: ‘HashMap’ {aka ‘struct HashMap’} has no member named ‘bucket’; did you mean ‘buckets’?
  161 |   while (map->current < map->capacity && map->bucket[map->current] == NULL) {
      |                                               ^~~~~~
      |                                               buckets
Compilation failed
ff7ca3c
Thu 07 Sep 2023 10:13:17 PM UTC: 
 hashmap.c | 2 +-
 1 file changed, 1 insertion(+), 1 deletion(-)
 tests:  12|2
total_score: 50/70
f3b1646
Thu 07 Sep 2023 10:13:53 PM UTC: 
 hashmap.c | 1 -
 1 file changed, 1 deletion(-)
 tests:  12|2
total_score: 50/70
15d8343
Thu 07 Sep 2023 10:16:35 PM UTC: 
 hashmap.c | 1 -
 1 file changed, 1 deletion(-)
 tests:  12|2
total_score: 50/70
8bc40ed
Thu 07 Sep 2023 10:19:12 PM UTC: 
 hashmap.c | 14 +++++++-------
 1 file changed, 7 insertions(+), 7 deletions(-)
 tests:  12|2
total_score: 50/70
03d5611
Thu 07 Sep 2023 10:20:01 PM UTC: 
 hashmap.c | 15 +++++++++------
 1 file changed, 9 insertions(+), 6 deletions(-)
In file included from test.c:4:
hashmap.c: In function ‘nextMap’:
hashmap.c:171:1: error: expected ‘;’ before ‘}’ token
  171 | }
      | ^
Compilation failed
3321387
Thu 07 Sep 2023 10:20:38 PM UTC: 
 hashmap.c | 2 +-
 1 file changed, 1 insertion(+), 1 deletion(-)
 tests:  12|2
total_score: 50/70
a55dba4
Thu 07 Sep 2023 10:27:22 PM UTC: 
 hashmap.c | 3 ---
 1 file changed, 3 deletions(-)
 tests:  11|2
total_score: 50/70
e7f4da0
Thu 07 Sep 2023 10:33:19 PM UTC: 
 hashmap.c | 2 +-
 1 file changed, 1 insertion(+), 1 deletion(-)
 tests:  12|2
total_score: 50/70
bc2de2c
Thu 07 Sep 2023 10:33:42 PM UTC: 
 hashmap.c | 3 ++-
 1 file changed, 2 insertions(+), 1 deletion(-)
 tests:  12|2
total_score: 50/70
c820191
Thu 07 Sep 2023 10:35:15 PM UTC: 
 hashmap.c | 5 ++---
 1 file changed, 2 insertions(+), 3 deletions(-)
In file included from test.c:4:
hashmap.c: In function ‘nextMap’:
hashmap.c:161:11: error: ‘return’ with no value, in function returning non-void [-Werror=return-type]
  161 |           return;
      |           ^~~~~~
hashmap.c:153:7: note: declared here
  153 | Pair *nextMap(HashMap * map) {
      |       ^~~~~~~
cc1: all warnings being treated as errors
Compilation failed
4cc5f75
Thu 07 Sep 2023 10:35:29 PM UTC: 
 hashmap.c | 2 +-
 1 file changed, 1 insertion(+), 1 deletion(-)
 tests:  12|2
total_score: 50/70
de6d33b
Thu 07 Sep 2023 10:50:20 PM UTC: 
 hashmap.c | 26 ++++++++++++++++++++++++++
 1 file changed, 26 insertions(+)
In file included from test.c:4:
hashmap.c: In function ‘enlarge’:
hashmap.c:79:30: error: ‘Pair’ has no member named ‘next’
   79 |             current = current->next;
      |                              ^~
hashmap.c:87:28: error: ‘Pair’ has no member named ‘next’
   87 |           current = current->next;
      |                            ^~
Compilation failed
15111b9
Thu 07 Sep 2023 10:50:43 PM UTC: 
 hashmap.c | 2 +-
 1 file changed, 1 insertion(+), 1 deletion(-)
In file included from test.c:4:
hashmap.c: In function ‘enlarge’:
hashmap.c:79:28: error: ‘Pair’ has no member named ‘next’
   79 |           current = current->next;
      |                            ^~
hashmap.c:87:28: error: ‘Pair’ has no member named ‘next’
   87 |           current = current->next;
      |                            ^~
hashmap.c:92:22: error: expected ‘;’ before ‘}’ token
   92 |     free(old_buckets)
      |                      ^
      |                      ;
   93 | }
      | ~                     
Compilation failed
2b0fc58
Thu 07 Sep 2023 10:51:06 PM UTC: 
 hashmap.c | 2 +-
 1 file changed, 1 insertion(+), 1 deletion(-)
In file included from test.c:4:
hashmap.c: In function ‘enlarge’:
hashmap.c:79:28: error: ‘Pair’ has no member named ‘next’
   79 |           current = current->next;
      |                            ^~
hashmap.c:87:28: error: ‘Pair’ has no member named ‘next’
   87 |           current = current->next;
      |                            ^~
Compilation failed
5908aa6
Thu 07 Sep 2023 10:53:52 PM UTC: 
 hashmap.c | 9 ---------
 1 file changed, 9 deletions(-)
In file included from test.c:4:
hashmap.c: In function ‘enlarge’:
hashmap.c:79:28: error: ‘Pair’ has no member named ‘next’
   79 |           current = current->next;
      |                            ^~
Compilation failed
f40d4af
Thu 07 Sep 2023 10:55:22 PM UTC: 
 hashmap.c | 2 +-
 1 file changed, 1 insertion(+), 1 deletion(-)
In file included from test.c:4:
hashmap.c: In function ‘enlarge’:
hashmap.c:79:28: error: ‘Pair’ has no member named ‘next’
   79 |           current = current->next;
      |                            ^~
Compilation failed
115be05
Thu 07 Sep 2023 10:55:36 PM UTC: 
 hashmap.c | 2 +-
 1 file changed, 1 insertion(+), 1 deletion(-)
In file included from test.c:4:
hashmap.c: In function ‘enlarge’:
hashmap.c:79:28: error: ‘Pair’ has no member named ‘next’
   79 |           current = current->next;
      |                            ^~
Compilation failed
d2bd1d9
Thu 07 Sep 2023 11:01:12 PM UTC: 
 hashmap.c | 24 ++++++++++++++----------
 1 file changed, 14 insertions(+), 10 deletions(-)
In file included from test.c:4:
hashmap.c: In function ‘enlarge’:
hashmap.c:76:27: error: too few arguments to function ‘hash’
   76 |           long newIndex = hash(map->buckets[i]->key) % map->capacity;
      |                           ^~~~
hashmap.c:26:6: note: declared here
   26 | long hash( char * key, long capacity) {
      |      ^~~~
Compilation failed
92b35a4
Thu 07 Sep 2023 11:02:22 PM UTC: 
 hashmap.c | 2 +-
 1 file changed, 1 insertion(+), 1 deletion(-)
In file included from test.c:4:
hashmap.c: In function ‘enlarge’:
hashmap.c:76:27: error: too few arguments to function ‘hash’
   76 |           long newIndex = hash(map->buckets[i]->key) ;
      |                           ^~~~
hashmap.c:26:6: note: declared here
   26 | long hash( char * key, long capacity) {
      |      ^~~~
Compilation failed
1b8f27c
Thu 07 Sep 2023 11:03:33 PM UTC: 
 hashmap.c | 2 +-
 1 file changed, 1 insertion(+), 1 deletion(-)
In file included from test.c:4:
hashmap.c: In function ‘enlarge’:
hashmap.c:76:32: error: ‘key’ undeclared (first use in this function); did you mean ‘key_t’?
   76 |           long newIndex = hash(key,map->capacity) ;
      |                                ^~~
      |                                key_t
hashmap.c:76:32: note: each undeclared identifier is reported only once for each function it appears in
Compilation failed
bfe866c
Thu 07 Sep 2023 11:04:54 PM UTC: 
 hashmap.c | 2 +-
 1 file changed, 1 insertion(+), 1 deletion(-)
 tests:  13|1
total_score: 60/70
f7f5f41
Thu 07 Sep 2023 11:05:38 PM UTC: 
 hashmap.c | 22 +++++++++++-----------
 1 file changed, 11 insertions(+), 11 deletions(-)
 tests:  13|1
total_score: 60/70
db6c0b7
Thu 07 Sep 2023 11:08:09 PM UTC: 
 hashmap.c | 8 ++++----
 1 file changed, 4 insertions(+), 4 deletions(-)
In file included from test.c:4:
hashmap.c: In function ‘enlarge’:
hashmap.c:86:20: error: ‘new_buckets’ undeclared (first use in this function); did you mean ‘newBuckets’?
   86 |     map->buckets = new_buckets;
      |                    ^~~~~~~~~~~
      |                    newBuckets
hashmap.c:86:20: note: each undeclared identifier is reported only once for each function it appears in
Compilation failed
d347e76
Thu 07 Sep 2023 11:08:18 PM UTC: 
 hashmap.c | 2 +-
 1 file changed, 1 insertion(+), 1 deletion(-)
 tests:  13|1
total_score: 60/70
d91eaab
Thu 07 Sep 2023 11:09:21 PM UTC: 
 hashmap.c | 8 ++++----
 1 file changed, 4 insertions(+), 4 deletions(-)
In file included from test.c:4:
hashmap.c: In function ‘enlarge’:
hashmap.c:79:21: error: ‘newIndex’ undeclared (first use in this function)
   79 |             cont = (newIndex + 1) % map->capacity;
      |                     ^~~~~~~~
hashmap.c:79:21: note: each undeclared identifier is reported only once for each function it appears in
Compilation failed
184fa7a
Thu 07 Sep 2023 11:09:28 PM UTC: 
 hashmap.c | 2 +-
 1 file changed, 1 insertion(+), 1 deletion(-)
 tests:  13|1
total_score: 60/70
497ac44
Fri 08 Sep 2023 03:53:09 PM UTC: 
 hashmap.c | 8 +-------
 1 file changed, 1 insertion(+), 7 deletions(-)
 tests:  12|1
total_score: 60/70
02b6c13
Fri 08 Sep 2023 03:53:49 PM UTC: 
 hashmap.c | 15 +++++----------
 1 file changed, 5 insertions(+), 10 deletions(-)
 tests:  13|1
total_score: 60/70
f065946
Fri 08 Sep 2023 03:55:17 PM UTC: 
 hashmap.c | 2 +-
 1 file changed, 1 insertion(+), 1 deletion(-)
 tests:  12|1
total_score: 60/70
af37895
Fri 08 Sep 2023 03:59:49 PM UTC: 
 hashmap.c | 9 +++++++--
 1 file changed, 7 insertions(+), 2 deletions(-)
 tests:  13|1
total_score: 60/70
68fd9f8
Fri 08 Sep 2023 04:02:00 PM UTC: 
 hashmap.c | 16 ++++++++++------
 1 file changed, 10 insertions(+), 6 deletions(-)
 tests:  13|1
total_score: 60/70
6237e75
Fri 08 Sep 2023 04:03:40 PM UTC: 
 hashmap.c | 1 +
 1 file changed, 1 insertion(+)
 tests:  13|1
total_score: 60/70
50f5365
Fri 08 Sep 2023 04:04:06 PM UTC: 
 hashmap.c | 1 +
 1 file changed, 1 insertion(+)
 tests:  13|1
total_score: 60/70
f806daa
Fri 08 Sep 2023 04:06:40 PM UTC: 
 hashmap.c | 21 ++++++---------------
 1 file changed, 6 insertions(+), 15 deletions(-)
 tests:  13|1
total_score: 60/70
deec637
Fri 08 Sep 2023 04:10:38 PM UTC: 
 hashmap.c | 23 ++++++++++-------------
 1 file changed, 10 insertions(+), 13 deletions(-)
 tests:  13|1
total_score: 60/70
53d6411
Fri 08 Sep 2023 04:12:43 PM UTC: 
 hashmap.c | 12 ++++++------
 1 file changed, 6 insertions(+), 6 deletions(-)
In file included from test.c:4:
hashmap.c: In function ‘firstMap’:
hashmap.c:158:14: error: returning ‘int’ from a function with return type ‘Pair *’ makes pointer from integer without a cast [-Werror=int-conversion]
  158 |       return -1;
      |              ^
cc1: all warnings being treated as errors
Compilation failed
0f495f2
Fri 08 Sep 2023 04:13:04 PM UTC: 
 hashmap.c | 2 +-
 1 file changed, 1 insertion(+), 1 deletion(-)
 tests:  12|1
total_score: 60/70
87957e9
Fri 08 Sep 2023 04:14:22 PM UTC: 
 hashmap.c | 7 ++++---
 1 file changed, 4 insertions(+), 3 deletions(-)
In file included from test.c:4:
hashmap.c: In function ‘nextMap’:
hashmap.c:172:10: error: returning ‘int’ from a function with return type ‘Pair *’ makes pointer from integer without a cast [-Werror=int-conversion]
  172 |   return -1;
      |          ^
cc1: all warnings being treated as errors
Compilation failed
56aee2d
Fri 08 Sep 2023 04:14:31 PM UTC: 
 hashmap.c | 2 +-
 1 file changed, 1 insertion(+), 1 deletion(-)
 tests:  12|1
total_score: 60/70
23c5936
Fri 08 Sep 2023 04:15:40 PM UTC: 
 hashmap.c | 8 +-------
 1 file changed, 1 insertion(+), 7 deletions(-)
 tests:  12|1
total_score: 60/70
7987a94
Fri 08 Sep 2023 04:17:03 PM UTC: 
 hashmap.c | 2 +-
 1 file changed, 1 insertion(+), 1 deletion(-)
 tests:  13|1
total_score: 60/70
c615b41
Fri 08 Sep 2023 04:18:44 PM UTC: 
 hashmap.c | 8 +++++++-
 1 file changed, 7 insertions(+), 1 deletion(-)
 tests:  13|1
total_score: 60/70
91c5901
Fri 08 Sep 2023 04:19:33 PM UTC: 
 hashmap.c | 8 +-------
 1 file changed, 1 insertion(+), 7 deletions(-)
 tests:  13|1
total_score: 60/70
8c9ab50
Fri 08 Sep 2023 08:44:11 PM UTC: 
 hashmap.c | 16 ++++++++++++++--
 1 file changed, 14 insertions(+), 2 deletions(-)
 tests:  13|1
total_score: 60/70
71a1f73
Fri 08 Sep 2023 08:44:40 PM UTC: 
 hashmap.c | 16 +++++++++-------
 1 file changed, 9 insertions(+), 7 deletions(-)
 tests:  13|1
total_score: 60/70
621dba2
Fri 08 Sep 2023 08:45:27 PM UTC: 
 hashmap.c | 2 +-
 1 file changed, 1 insertion(+), 1 deletion(-)
 tests:  13|1
total_score: 60/70
02f142d
Fri 08 Sep 2023 09:16:24 PM UTC: 
 hashmap.c | 4 ++++
 1 file changed, 4 insertions(+)
 tests:  13|1
total_score: 60/70
40518c4
Fri 08 Sep 2023 09:17:45 PM UTC: 
 hashmap.c | 6 ++++++
 1 file changed, 6 insertions(+)
In file included from test.c:4:
hashmap.c: In function ‘firstMap’:
hashmap.c:153:27: error: passing argument 1 of ‘firstMap’ from incompatible pointer type [-Werror=incompatible-pointer-types]
  153 |     Pair *pair = firstMap(&map);
      |                           ^~~~
      |                           |
      |                           HashMap ** {aka struct HashMap **}
hashmap.c:151:26: note: expected ‘HashMap *’ {aka ‘struct HashMap *’} but argument is of type ‘HashMap **’ {aka ‘struct HashMap **’}
  151 | Pair *firstMap(HashMap * map) {
      |                ~~~~~~~~~~^~~
hashmap.c:156:13: error: unused variable ‘value’ [-Werror=unused-variable]
  156 |       void *value = pair->value;
      |             ^~~~~
hashmap.c:155:13: error: unused variable ‘key’ [-Werror=unused-variable]
  155 |       char *key = pair->key;
      |             ^~~
cc1: all warnings being treated as errors
Compilation failed
d6c692c
Fri 08 Sep 2023 09:18:04 PM UTC: 
 hashmap.c | 5 +----
 1 file changed, 1 insertion(+), 4 deletions(-)
In file included from test.c:4:
hashmap.c: In function ‘firstMap’:
hashmap.c:153:27: error: passing argument 1 of ‘firstMap’ from incompatible pointer type [-Werror=incompatible-pointer-types]
  153 |     Pair *pair = firstMap(&map);
      |                           ^~~~
      |                           |
      |                           HashMap ** {aka struct HashMap **}
hashmap.c:151:26: note: expected ‘HashMap *’ {aka ‘struct HashMap *’} but argument is of type ‘HashMap **’ {aka ‘struct HashMap **’}
  151 | Pair *firstMap(HashMap * map) {
      |                ~~~~~~~~~~^~~
hashmap.c:153:11: error: unused variable ‘pair’ [-Werror=unused-variable]
  153 |     Pair *pair = firstMap(&map);
      |           ^~~~
cc1: all warnings being treated as errors
Compilation failed
eebd233
Fri 08 Sep 2023 09:18:20 PM UTC: 
 hashmap.c | 2 +-
 1 file changed, 1 insertion(+), 1 deletion(-)
In file included from test.c:4:
hashmap.c: In function ‘firstMap’:
hashmap.c:153:30: error: passing argument 1 of ‘firstMap’ from incompatible pointer type [-Werror=incompatible-pointer-types]
  153 |     Pair *newPair = firstMap(&map);
      |                              ^~~~
      |                              |
      |                              HashMap ** {aka struct HashMap **}
hashmap.c:151:26: note: expected ‘HashMap *’ {aka ‘struct HashMap *’} but argument is of type ‘HashMap **’ {aka ‘struct HashMap **’}
  151 | Pair *firstMap(HashMap * map) {
      |                ~~~~~~~~~~^~~
hashmap.c:153:11: error: unused variable ‘newPair’ [-Werror=unused-variable]
  153 |     Pair *newPair = firstMap(&map);
      |           ^~~~~~~
cc1: all warnings being treated as errors
Compilation failed
ff45eff
Fri 08 Sep 2023 09:19:25 PM UTC: 
 hashmap.c | 15 +++++++++++++--
 1 file changed, 13 insertions(+), 2 deletions(-)
In file included from test.c:4:
hashmap.c:153:24: error: ‘map’ undeclared here (not in a function)
  153 | Pair *pair = firstMap(&map); // Obtener el primer par
      |                        ^~~
hashmap.c:154:1: error: expected identifier or ‘(’ before ‘if’
  154 | if (pair != NULL) {
      | ^~
hashmap.c:158:1: error: data definition has no type or storage class [-Werror]
  158 | pair = nextMap(&map); // Obtener el siguiente par
      | ^~~~
hashmap.c:158:1: error: type defaults to ‘int’ in declaration of ‘pair’ [-Werror=implicit-int]
hashmap.c:158:1: error: conflicting types for ‘pair’
hashmap.c:153:7: note: previous definition of ‘pair’ was here
  153 | Pair *pair = firstMap(&map); // Obtener el primer par
      |       ^~~~
hashmap.c:159:1: error: expected identifier or ‘(’ before ‘if’
  159 | if (pair != NULL) {
      | ^~
cc1: all warnings being treated as errors
Compilation failed
97da958
Fri 08 Sep 2023 09:25:02 PM UTC: 
 hashmap.c | 12 ++----------
 1 file changed, 2 insertions(+), 10 deletions(-)
In file included from test.c:4:
hashmap.c: In function ‘firstMap’:
hashmap.c:157:17: error: ‘key’ undeclared (first use in this function); did you mean ‘key_t’?
  157 |     long i=hash(key,map->capacity);
      |                 ^~~
      |                 key_t
hashmap.c:157:17: note: each undeclared identifier is reported only once for each function it appears in
hashmap.c:157:10: error: unused variable ‘i’ [-Werror=unused-variable]
  157 |     long i=hash(key,map->capacity);
      |          ^
cc1: all warnings being treated as errors
Compilation failed
a163594
Fri 08 Sep 2023 09:25:44 PM UTC: 
 hashmap.c | 8 ++++----
 1 file changed, 4 insertions(+), 4 deletions(-)
In file included from test.c:4:
hashmap.c: In function ‘firstMap’:
hashmap.c:157:17: error: ‘key’ undeclared (first use in this function); did you mean ‘key_t’?
  157 |     long i=hash(key,map->capacity);
      |                 ^~~
      |                 key_t
hashmap.c:157:17: note: each undeclared identifier is reported only once for each function it appears in
hashmap.c:157:10: error: unused variable ‘i’ [-Werror=unused-variable]
  157 |     long i=hash(key,map->capacity);
      |          ^
cc1: all warnings being treated as errors
Compilation failed
7b20a76
Fri 08 Sep 2023 09:26:03 PM UTC: 
 hashmap.c | 8 ++++----
 1 file changed, 4 insertions(+), 4 deletions(-)
In file included from test.c:4:
hashmap.c: In function ‘firstMap’:
hashmap.c:157:17: error: ‘key’ undeclared (first use in this function); did you mean ‘key_t’?
  157 |     long i=hash(key,map->capacity);
      |                 ^~~
      |                 key_t
hashmap.c:157:17: note: each undeclared identifier is reported only once for each function it appears in
Compilation failed
45492f3
Fri 08 Sep 2023 09:26:16 PM UTC: 
 hashmap.c | 2 +-
 1 file changed, 1 insertion(+), 1 deletion(-)
In file included from test.c:4:
hashmap.c: In function ‘firstMap’:
hashmap.c:157:17: error: expected expression before ‘key_t’
  157 |     long i=hash(key_t,map->capacity);
      |                 ^~~~~
hashmap.c:157:12: error: too few arguments to function ‘hash’
  157 |     long i=hash(key_t,map->capacity);
      |            ^~~~
hashmap.c:26:6: note: declared here
   26 | long hash( char * key, long capacity) {
      |      ^~~~
Compilation failed
03e46e1
